-------------------------------------------------------------------------------
Test set: com.qa.ims.controllers.CustomerControllerTest
-------------------------------------------------------------------------------
Tests run: 1, Failures: 0, Errors: 1, Skipped: 0, Time elapsed: 0.094 sec <<< FAILURE!
initializationError(com.qa.ims.controllers.CustomerControllerTest)  Time elapsed: 0.006 sec  <<< ERROR!
java.util.ServiceConfigurationError: Locale provider adapter "CLDR"cannot be instantiated.
	at java.base/sun.util.locale.provider.LocaleProviderAdapter.forType(LocaleProviderAdapter.java:199)
	at java.base/sun.util.locale.provider.LocaleProviderAdapter.findAdapter(LocaleProviderAdapter.java:287)
	at java.base/sun.util.locale.provider.LocaleProviderAdapter.getAdapter(LocaleProviderAdapter.java:258)
	at java.base/java.text.DecimalFormatSymbols.getInstance(DecimalFormatSymbols.java:180)
	at java.base/java.util.Formatter.getZero(Formatter.java:2453)
	at java.base/java.util.Formatter.<init>(Formatter.java:1972)
	at java.base/java.util.Formatter.<init>(Formatter.java:1994)
	at java.base/java.lang.String.format(String.java:3290)
	at org.junit.runner.Description.formatDisplayName(Description.java:114)
	at org.junit.runner.Description.createTestDescription(Description.java:86)
	at org.junit.runners.BlockJUnit4ClassRunner.describeChild(BlockJUnit4ClassRunner.java:121)
	at org.junit.runners.BlockJUnit4ClassRunner.describeChild(BlockJUnit4ClassRunner.java:63)
	at org.junit.runners.ParentRunner.getDescription(ParentRunner.java:401)
	at org.mockito.internal.runners.DefaultInternalRunner.getDescription(DefaultInternalRunner.java:109)
	at org.mockito.internal.runners.StrictRunner.getDescription(StrictRunner.java:57)
	at org.mockito.junit.MockitoJUnitRunner.getDescription(MockitoJUnitRunner.java:168)
	at org.junit.runners.model.RunnerBuilder.configureRunner(RunnerBuilder.java:81)
	at org.junit.runners.model.RunnerBuilder.safeRunnerForClass(RunnerBuilder.java:72)
	at org.junit.internal.builders.AllDefaultPossibilitiesBuilder.runnerForClass(AllDefaultPossibilitiesBuilder.java:37)
	at org.junit.runners.model.RunnerBuilder.safeRunnerForClass(RunnerBuilder.java:70)
	at org.junit.internal.requests.ClassRequest.createRunner(ClassRequest.java:28)
	at org.junit.internal.requests.MemoizingRequest.getRunner(MemoizingRequest.java:19)
	at org.apache.maven.surefire.junit4.JUnit4Provider.execute(JUnit4Provider.java:250)
	at org.apache.maven.surefire.junit4.JUnit4Provider.executeTestSet(JUnit4Provider.java:141)
	at org.apache.maven.surefire.junit4.JUnit4Provider.invoke(JUnit4Provider.java:112)
	at java.base/jdk.internal.reflect.NativeMethodAccessorImpl.invoke0(Native Method)
	at java.base/jdk.internal.reflect.NativeMethodAccessorImpl.invoke(NativeMethodAccessorImpl.java:78)
	at java.base/jdk.internal.reflect.DelegatingMethodAccessorImpl.invoke(DelegatingMethodAccessorImpl.java:43)
	at java.base/java.lang.reflect.Method.invoke(Method.java:567)
	at org.apache.maven.surefire.util.ReflectionUtils.invokeMethodWithArray(ReflectionUtils.java:189)
	at org.apache.maven.surefire.booter.ProviderFactory$ProviderProxy.invoke(ProviderFactory.java:165)
	at org.apache.maven.surefire.booter.ProviderFactory.invokeProvider(ProviderFactory.java:85)
	at org.apache.maven.surefire.booter.ForkedBooter.runSuitesInProcess(ForkedBooter.java:115)
	at org.apache.maven.surefire.booter.ForkedBooter.main(ForkedBooter.java:75)
Caused by: java.lang.reflect.InvocationTargetException
	at java.base/jdk.internal.reflect.NativeConstructorAccessorImpl.newInstance0(Native Method)
	at java.base/jdk.internal.reflect.NativeConstructorAccessorImpl.newInstance(NativeConstructorAccessorImpl.java:78)
	at java.base/jdk.internal.reflect.DelegatingConstructorAccessorImpl.newInstance(DelegatingConstructorAccessorImpl.java:45)
	at java.base/java.lang.reflect.Constructor.newInstanceWithCaller(Constructor.java:499)
	at java.base/java.lang.reflect.Constructor.newInstance(Constructor.java:480)
	at java.base/sun.util.locale.provider.LocaleProviderAdapter.forType(LocaleProviderAdapter.java:188)
	... 33 more
Caused by: java.util.ServiceConfigurationError: sun.util.locale.provider.LocaleDataMetaInfo: Unable to load sun.util.resources.cldr.provider.CLDRLocaleDataMetaInfo
	at java.base/java.util.ServiceLoader.fail(ServiceLoader.java:582)
	at java.base/java.util.ServiceLoader.loadProvider(ServiceLoader.java:854)
	at java.base/java.util.ServiceLoader$ModuleServicesLookupIterator.hasNext(ServiceLoader.java:1076)
	at java.base/java.util.ServiceLoader$2.hasNext(ServiceLoader.java:1299)
	at java.base/java.util.ServiceLoader$3.hasNext(ServiceLoader.java:1383)
	at java.base/sun.util.cldr.CLDRLocaleProviderAdapter$1.run(CLDRLocaleProviderAdapter.java:89)
	at java.base/sun.util.cldr.CLDRLocaleProviderAdapter$1.run(CLDRLocaleProviderAdapter.java:86)
	at java.base/java.security.AccessController.doPrivileged(AccessController.java:554)
	at java.base/sun.util.cldr.CLDRLocaleProviderAdapter.<init>(CLDRLocaleProviderAdapter.java:86)
	... 39 more
Caused by: java.lang.LinkageError: loader 'platform' attempted duplicate class definition for sun.util.resources.cldr.provider.CLDRLocaleDataMetaInfo. (sun.util.resources.cldr.provider.CLDRLocaleDataMetaInfo is in module jdk.localedata of loader 'platform')
	at java.base/java.lang.ClassLoader.defineClass2(Native Method)
	at java.base/java.lang.ClassLoader.defineClass(ClassLoader.java:1101)
	at java.base/java.security.SecureClassLoader.defineClass(SecureClassLoader.java:182)
	at java.base/jdk.internal.loader.BuiltinClassLoader.defineClass(BuiltinClassLoader.java:814)
	at java.base/jdk.internal.loader.BuiltinClassLoader.findClassInModuleOrNull(BuiltinClassLoader.java:735)
	at java.base/jdk.internal.loader.BuiltinClassLoader.findClass(BuiltinClassLoader.java:616)
	at java.base/java.lang.ClassLoader.loadClass(ClassLoader.java:631)
	at java.base/java.lang.Class.forName(Class.java:543)
	at java.base/java.util.ServiceLoader.loadProvider(ServiceLoader.java:852)
	... 46 more

