<?xml version="1.0" encoding="UTF-8" ?>
<testsuite tests="6" failures="0" name="com.qa.ims.persistence.dao.CustomerDAOTest" time="2.598" errors="0" skipped="0">
  <properties>
[...]
</properties>
  <testcase classname="com.qa.ims.persistence.dao.CustomerDAOTest" name="testReadLatest" time="0.928"/>
  <testcase classname="com.qa.ims.persistence.dao.CustomerDAOTest" name="testRead" time="0.246"/>
  <testcase classname="com.qa.ims.persistence.dao.CustomerDAOTest" name="testReadAll" time="0.23"/>
  <testcase classname="com.qa.ims.persistence.dao.CustomerDAOTest" name="testCreate" time="0.327"/>
  <testcase classname="com.qa.ims.persistence.dao.CustomerDAOTest" name="testDelete" time="0.627"/>
  <testcase classname="com.qa.ims.persistence.dao.CustomerDAOTest" name="testUpdate" time="0.24"/>
</testsuite>